[2019-02-06 13:37:08] local.ERROR: Class 'CreateUserregistrationsTable' not found {"exception":"[object] (Symfony\\Component\\Debug\\Exception\\FatalThrowableError(code: 0): Class 'CreateUserregistrationsTable' not found at /mnt/B6F0DB99F0DB5E65/project/bdagri/vendor/laravel/framework/src/Illuminate/Database/Migrations/Migrator.php:418)
[stacktrace]
#0 /mnt/B6F0DB99F0DB5E65/project/bdagri/vendor/laravel/framework/src/Illuminate/Database/Migrations/Migrator.php(168): Illuminate\\Database\\Migrations\\Migrator->resolve('2018_01_08_1911...')
#1 /mnt/B6F0DB99F0DB5E65/project/bdagri/vendor/laravel/framework/src/Illuminate/Database/Migrations/Migrator.php(146): Illuminate\\Database\\Migrations\\Migrator->runUp('/mnt/B6F0DB99F0...', 1, false)
#2 /mnt/B6F0DB99F0DB5E65/project/bdagri/vendor/laravel/framework/src/Illuminate/Database/Migrations/Migrator.php(95): Illuminate\\Database\\Migrations\\Migrator->runPending(Array, Array)
#3 /mnt/B6F0DB99F0DB5E65/project/bdagri/vendor/laravel/framework/src/Illuminate/Database/Console/Migrations/MigrateCommand.php(69): Illuminate\\Database\\Migrations\\Migrator->run(Array, Array)
#4 [internal function]: Illuminate\\Database\\Console\\Migrations\\MigrateCommand->handle()
#5 /mnt/B6F0DB99F0DB5E65/project/bdagri/vendor/laravel/framework/src/Illuminate/Container/BoundMethod.php(29): call_user_func_array(Array, Array)
#6 /mnt/B6F0DB99F0DB5E65/project/bdagri/vendor/laravel/framework/src/Illuminate/Container/BoundMethod.php(87): Illuminate\\Container\\BoundMethod::Illuminate\\Container\\{closure}()
#7 /mnt/B6F0DB99F0DB5E65/project/bdagri/vendor/laravel/framework/src/Illuminate/Container/BoundMethod.php(31): Illuminate\\Container\\BoundMethod::callBoundMethod(Object(Illuminate\\Foundation\\Application), Array, Object(Closure))
#8 /mnt/B6F0DB99F0DB5E65/project/bdagri/vendor/laravel/framework/src/Illuminate/Container/Container.php(549): Illuminate\\Container\\BoundMethod::call(Object(Illuminate\\Foundation\\Application), Array, Array, NULL)
#9 /mnt/B6F0DB99F0DB5E65/project/bdagri/vendor/laravel/framework/src/Illuminate/Console/Command.php(183): Illuminate\\Container\\Container->call(Array)
#10 /mnt/B6F0DB99F0DB5E65/project/bdagri/vendor/symfony/console/Command/Command.php(255): Illuminate\\Console\\Command->execute(Object(Symfony\\Component\\Console\\Input\\ArgvInput), Object(Illuminate\\Console\\OutputStyle))
#11 /mnt/B6F0DB99F0DB5E65/project/bdagri/vendor/laravel/framework/src/Illuminate/Console/Command.php(170): Symfony\\Component\\Console\\Command\\Command->run(Object(Symfony\\Component\\Console\\Input\\ArgvInput), Object(Illuminate\\Console\\OutputStyle))
#12 /mnt/B6F0DB99F0DB5E65/project/bdagri/vendor/symfony/console/Application.php(953): Illuminate\\Console\\Command->run(Object(Symfony\\Component\\Console\\Input\\ArgvInput), Object(Symfony\\Component\\Console\\Output\\ConsoleOutput))
#13 /mnt/B6F0DB99F0DB5E65/project/bdagri/vendor/symfony/console/Application.php(248): Symfony\\Component\\Console\\Application->doRunCommand(Object(Illuminate\\Database\\Console\\Migrations\\MigrateCommand), Object(Symfony\\Component\\Console\\Input\\ArgvInput), Object(Symfony\\Component\\Console\\Output\\ConsoleOutput))
#14 /mnt/B6F0DB99F0DB5E65/project/bdagri/vendor/symfony/console/Application.php(148): Symfony\\Component\\Console\\Application->doRun(Object(Symfony\\Component\\Console\\Input\\ArgvInput), Object(Symfony\\Component\\Console\\Output\\ConsoleOutput))
#15 /mnt/B6F0DB99F0DB5E65/project/bdagri/vendor/laravel/framework/src/Illuminate/Console/Application.php(88): Symfony\\Component\\Console\\Application->run(Object(Symfony\\Component\\Console\\Input\\ArgvInput), Object(Symfony\\Component\\Console\\Output\\ConsoleOutput))
#16 /mnt/B6F0DB99F0DB5E65/project/bdagri/vendor/laravel/framework/src/Illuminate/Foundation/Console/Kernel.php(121): Illuminate\\Console\\Application->run(Object(Symfony\\Component\\Console\\Input\\ArgvInput), Object(Symfony\\Component\\Console\\Output\\ConsoleOutput))
#17 /mnt/B6F0DB99F0DB5E65/project/bdagri/artisan(35): Illuminate\\Foundation\\Console\\Kernel->handle(Object(Symfony\\Component\\Console\\Input\\ArgvInput), Object(Symfony\\Component\\Console\\Output\\ConsoleOutput))
#18 {main}
"} 
[2019-02-06 16:18:01] local.ERROR: main(): Failed opening required 'vendor/phpmailer/phpmailer/PHPMailerAutoload.php' (include_path='.:/usr/share/php') {"exception":"[object] (Symfony\\Component\\Debug\\Exception\\FatalErrorException(code: 64): main(): Failed opening required 'vendor/phpmailer/phpmailer/PHPMailerAutoload.php' (include_path='.:/usr/share/php') at /mnt/B6F0DB99F0DB5E65/project/bdagri/app/Http/Controllers/HomeController.php:11)
[stacktrace]
#0 /mnt/B6F0DB99F0DB5E65/project/bdagri/vendor/laravel/framework/src/Illuminate/Foundation/Bootstrap/HandleExceptions.php(137): Symfony\\Component\\Debug\\Exception\\FatalErrorException->__construct()
#1 /mnt/B6F0DB99F0DB5E65/project/bdagri/vendor/laravel/framework/src/Illuminate/Foundation/Bootstrap/HandleExceptions.php(123): Illuminate\\Foundation\\Bootstrap\\HandleExceptions->fatalExceptionFromError()
#2 /mnt/B6F0DB99F0DB5E65/project/bdagri/vendor/laravel/framework/src/Illuminate/Foundation/Bootstrap/HandleExceptions.php(0): Illuminate\\Foundation\\Bootstrap\\HandleExceptions->handleShutdown()
#3 /mnt/B6F0DB99F0DB5E65/project/bdagri/vendor/composer/ClassLoader.php(444): ()
#4 /mnt/B6F0DB99F0DB5E65/project/bdagri/vendor/composer/ClassLoader.php(322): Composer\\Autoload\\includeFile()
#5 /mnt/B6F0DB99F0DB5E65/project/bdagri/vendor/laravel/framework/src/Illuminate/Container/Container.php(752): Composer\\Autoload\\ClassLoader->loadClass()
#6 /mnt/B6F0DB99F0DB5E65/project/bdagri/vendor/laravel/framework/src/Illuminate/Container/Container.php(752): spl_autoload_call()
#7 /mnt/B6F0DB99F0DB5E65/project/bdagri/vendor/laravel/framework/src/Illuminate/Container/Container.php(752): ReflectionClass->__construct()
#8 /mnt/B6F0DB99F0DB5E65/project/bdagri/vendor/laravel/framework/src/Illuminate/Container/Container.php(631): Illuminate\\Foundation\\Application->build()
#9 /mnt/B6F0DB99F0DB5E65/project/bdagri/vendor/laravel/framework/src/Illuminate/Container/Container.php(586): Illuminate\\Foundation\\Application->resolve()
#10 /mnt/B6F0DB99F0DB5E65/project/bdagri/vendor/laravel/framework/src/Illuminate/Foundation/Application.php(732): Illuminate\\Foundation\\Application->make()
#11 /mnt/B6F0DB99F0DB5E65/project/bdagri/vendor/laravel/framework/src/Illuminate/Routing/Route.php(226): Illuminate\\Foundation\\Application->make()
#12 /mnt/B6F0DB99F0DB5E65/project/bdagri/vendor/laravel/framework/src/Illuminate/Routing/Route.php(796): Illuminate\\Routing\\Route->getController()
#13 /mnt/B6F0DB99F0DB5E65/project/bdagri/vendor/laravel/framework/src/Illuminate/Routing/Route.php(757): Illuminate\\Routing\\Route->controllerMiddleware()
#14 /mnt/B6F0DB99F0DB5E65/project/bdagri/vendor/laravel/framework/src/Illuminate/Routing/Router.php(671): Illuminate\\Routing\\Route->gatherMiddleware()
#15 /mnt/B6F0DB99F0DB5E65/project/bdagri/vendor/laravel/framework/src/Illuminate/Routing/Router.php(651): Illuminate\\Routing\\Router->gatherRouteMiddleware()
#16 /mnt/B6F0DB99F0DB5E65/project/bdagri/vendor/laravel/framework/src/Illuminate/Routing/Router.php(635): Illuminate\\Routing\\Router->runRouteWithinStack()
#17 /mnt/B6F0DB99F0DB5E65/project/bdagri/vendor/laravel/framework/src/Illuminate/Routing/Router.php(601): Illuminate\\Routing\\Router->runRoute()
#18 /mnt/B6F0DB99F0DB5E65/project/bdagri/vendor/laravel/framework/src/Illuminate/Routing/Router.php(590): Illuminate\\Routing\\Router->dispatchToRoute()
#19 /mnt/B6F0DB99F0DB5E65/project/bdagri/vendor/laravel/framework/src/Illuminate/Foundation/Http/Kernel.php(176): Illuminate\\Routing\\Router->dispatch()
#20 /mnt/B6F0DB99F0DB5E65/project/bdagri/vendor/laravel/framework/src/Illuminate/Routing/Pipeline.php(30): App\\Http\\Kernel->Illuminate\\Foundation\\Http\\{closure:/mnt/B6F0DB99F0DB5E65/project/bdagri/vendor/laravel/framework/src/Illuminate/Foundation/Http/Kernel.php:173-177}()
#21 /mnt/B6F0DB99F0DB5E65/project/bdagri/vendor/laravel/framework/src/Illuminate/Pipeline/Pipeline.php(102): Illuminate\\Routing\\Pipeline->Illuminate\\Routing\\{closure:/mnt/B6F0DB99F0DB5E65/project/bdagri/vendor/laravel/framework/src/Illuminate/Routing/Pipeline.php:28-36}()
#22 /mnt/B6F0DB99F0DB5E65/project/bdagri/vendor/laravel/framework/src/Illuminate/Foundation/Http/Kernel.php(151): Illuminate\\Routing\\Pipeline->then()
#23 /mnt/B6F0DB99F0DB5E65/project/bdagri/vendor/laravel/framework/src/Illuminate/Foundation/Http/Kernel.php(116): App\\Http\\Kernel->sendRequestThroughRouter()
#24 /mnt/B6F0DB99F0DB5E65/project/bdagri/public/index.php(52): App\\Http\\Kernel->handle()
#25 /home/qbytesoft/.config/composer/vendor/cpriego/valet-linux/server.php(204): ()
#26 /home/qbytesoft/.config/composer/vendor/cpriego/valet-linux/server.php(0): {main}()
#27 {main}
"} 
[2019-02-06 16:25:39] local.ERROR: Trying to get property 'id' of non-object {"exception":"[object] (ErrorException(code: 0): Trying to get property 'id' of non-object at /mnt/B6F0DB99F0DB5E65/project/bdagri/app/Http/Controllers/HomeController.php:23)
[stacktrace]
#0 /mnt/B6F0DB99F0DB5E65/project/bdagri/app/Http/Controllers/HomeController.php(23): Illuminate\\Foundation\\Bootstrap\\HandleExceptions->handleError(8, 'Trying to get p...', '/mnt/B6F0DB99F0...', 23, Array)
#1 [internal function]: App\\Http\\Controllers\\HomeController->index()
#2 /mnt/B6F0DB99F0DB5E65/project/bdagri/vendor/laravel/framework/src/Illuminate/Routing/Controller.php(54): call_user_func_array(Array, Array)
#3 /mnt/B6F0DB99F0DB5E65/project/bdagri/vendor/laravel/framework/src/Illuminate/Routing/ControllerDispatcher.php(45): Illuminate\\Routing\\Controller->callAction('index', Array)
#4 /mnt/B6F0DB99F0DB5E65/project/bdagri/vendor/laravel/framework/src/Illuminate/Routing/Route.php(212): Illuminate\\Routing\\ControllerDispatcher->dispatch(Object(Illuminate\\Routing\\Route), Object(App\\Http\\Controllers\\HomeController), 'index')
#5 /mnt/B6F0DB99F0DB5E65/project/bdagri/vendor/laravel/framework/src/Illuminate/Routing/Route.php(169): Illuminate\\Routing\\Route->runController()
#6 /mnt/B6F0DB99F0DB5E65/project/bdagri/vendor/laravel/framework/src/Illuminate/Routing/Router.php(658): Illuminate\\Routing\\Route->run()
#7 /mnt/B6F0DB99F0DB5E65/project/bdagri/vendor/laravel/framework/src/Illuminate/Routing/Pipeline.php(30): Illuminate\\Routing\\Router->Illuminate\\Routing\\{closure}(Object(Illuminate\\Http\\Request))
#8 /mnt/B6F0DB99F0DB5E65/project/bdagri/vendor/laravel/framework/src/Illuminate/Routing/Middleware/SubstituteBindings.php(41): Illuminate\\Routing\\Pipeline->Illuminate\\Routing\\{closure}(Object(Illuminate\\Http\\Request))
#9 /mnt/B6F0DB99F0DB5E65/project/bdagri/vendor/laravel/framework/src/Illuminate/Pipeline/Pipeline.php(149): Illuminate\\Routing\\Middleware\\SubstituteBindings->handle(Object(Illuminate\\Http\\Request), Object(Closure))
#10 /mnt/B6F0DB99F0DB5E65/project/bdagri/vendor/laravel/framework/src/Illuminate/Routing/Pipeline.php(53): Illuminate\\Pipeline\\Pipeline->Illuminate\\Pipeline\\{closure}(Object(Illuminate\\Http\\Request))
#11 /mnt/B6F0DB99F0DB5E65/project/bdagri/vendor/laravel/framework/src/Illuminate/Foundation/Http/Middleware/VerifyCsrfToken.php(68): Illuminate\\Routing\\Pipeline->Illuminate\\Routing\\{closure}(Object(Illuminate\\Http\\Request))
#12 /mnt/B6F0DB99F0DB5E65/project/bdagri/app/Http/Middleware/VerifyCsrfToken.php(17): Illuminate\\Foundation\\Http\\Middleware\\VerifyCsrfToken->handle(Object(Illuminate\\Http\\Request), Object(Closure))
#13 /mnt/B6F0DB99F0DB5E65/project/bdagri/vendor/laravel/framework/src/Illuminate/Pipeline/Pipeline.php(149): App\\Http\\Middleware\\VerifyCsrfToken->handle(Object(Illuminate\\Http\\Request), Object(Closure))
#14 /mnt/B6F0DB99F0DB5E65/project/bdagri/vendor/laravel/framework/src/Illuminate/Routing/Pipeline.php(53): Illuminate\\Pipeline\\Pipeline->Illuminate\\Pipeline\\{closure}(Object(Illuminate\\Http\\Request))
#15 /mnt/B6F0DB99F0DB5E65/project/bdagri/vendor/laravel/framework/src/Illuminate/View/Middleware/ShareErrorsFromSession.php(49): Illuminate\\Routing\\Pipeline->Illuminate\\Routing\\{closure}(Object(Illuminate\\Http\\Request))
#16 /mnt/B6F0DB99F0DB5E65/project/bdagri/vendor/laravel/framework/src/Illuminate/Pipeline/Pipeline.php(149): Illuminate\\View\\Middleware\\ShareErrorsFromSession->handle(Object(Illuminate\\Http\\Request), Object(Closure))
#17 /mnt/B6F0DB99F0DB5E65/project/bdagri/vendor/laravel/framework/src/Illuminate/Routing/Pipeline.php(53): Illuminate\\Pipeline\\Pipeline->Illuminate\\Pipeline\\{closure}(Object(Illuminate\\Http\\Request))
#18 /mnt/B6F0DB99F0DB5E65/project/bdagri/vendor/laravel/framework/src/Illuminate/Session/Middleware/StartSession.php(63): Illuminate\\Routing\\Pipeline->Illuminate\\Routing\\{closure}(Object(Illuminate\\Http\\Request))
#19 /mnt/B6F0DB99F0DB5E65/project/bdagri/vendor/laravel/framework/src/Illuminate/Pipeline/Pipeline.php(149): Illuminate\\Session\\Middleware\\StartSession->handle(Object(Illuminate\\Http\\Request), Object(Closure))
#20 /mnt/B6F0DB99F0DB5E65/project/bdagri/vendor/laravel/framework/src/Illuminate/Routing/Pipeline.php(53): Illuminate\\Pipeline\\Pipeline->Illuminate\\Pipeline\\{closure}(Object(Illuminate\\Http\\Request))
#21 /mnt/B6F0DB99F0DB5E65/project/bdagri/vendor/laravel/framework/src/Illuminate/Cookie/Middleware/AddQueuedCookiesToResponse.php(37): Illuminate\\Routing\\Pipeline->Illuminate\\Routing\\{closure}(Object(Illuminate\\Http\\Request))
#22 /mnt/B6F0DB99F0DB5E65/project/bdagri/vendor/laravel/framework/src/Illuminate/Pipeline/Pipeline.php(149): Illuminate\\Cookie\\Middleware\\AddQueuedCookiesToResponse->handle(Object(Illuminate\\Http\\Request), Object(Closure))
#23 /mnt/B6F0DB99F0DB5E65/project/bdagri/vendor/laravel/framework/src/Illuminate/Routing/Pipeline.php(53): Illuminate\\Pipeline\\Pipeline->Illuminate\\Pipeline\\{closure}(Object(Illuminate\\Http\\Request))
#24 /mnt/B6F0DB99F0DB5E65/project/bdagri/vendor/laravel/framework/src/Illuminate/Cookie/Middleware/EncryptCookies.php(66): Illuminate\\Routing\\Pipeline->Illuminate\\Routing\\{closure}(Object(Illuminate\\Http\\Request))
#25 /mnt/B6F0DB99F0DB5E65/project/bdagri/vendor/laravel/framework/src/Illuminate/Pipeline/Pipeline.php(149): Illuminate\\Cookie\\Middleware\\EncryptCookies->handle(Object(Illuminate\\Http\\Request), Object(Closure))
#26 /mnt/B6F0DB99F0DB5E65/project/bdagri/vendor/laravel/framework/src/Illuminate/Routing/Pipeline.php(53): Illuminate\\Pipeline\\Pipeline->Illuminate\\Pipeline\\{closure}(Object(Illuminate\\Http\\Request))
#27 /mnt/B6F0DB99F0DB5E65/project/bdagri/vendor/laravel/framework/src/Illuminate/Pipeline/Pipeline.php(102): Illuminate\\Routing\\Pipeline->Illuminate\\Routing\\{closure}(Object(Illuminate\\Http\\Request))
#28 /mnt/B6F0DB99F0DB5E65/project/bdagri/vendor/laravel/framework/src/Illuminate/Routing/Router.php(660): Illuminate\\Pipeline\\Pipeline->then(Object(Closure))
#29 /mnt/B6F0DB99F0DB5E65/project/bdagri/vendor/laravel/framework/src/Illuminate/Routing/Router.php(635): Illuminate\\Routing\\Router->runRouteWithinStack(Object(Illuminate\\Routing\\Route), Object(Illuminate\\Http\\Request))
#30 /mnt/B6F0DB99F0DB5E65/project/bdagri/vendor/laravel/framework/src/Illuminate/Routing/Router.php(601): Illuminate\\Routing\\Router->runRoute(Object(Illuminate\\Http\\Request), Object(Illuminate\\Routing\\Route))
#31 /mnt/B6F0DB99F0DB5E65/project/bdagri/vendor/laravel/framework/src/Illuminate/Routing/Router.php(590): Illuminate\\Routing\\Router->dispatchToRoute(Object(Illuminate\\Http\\Request))
#32 /mnt/B6F0DB99F0DB5E65/project/bdagri/vendor/laravel/framework/src/Illuminate/Foundation/Http/Kernel.php(176): Illuminate\\Routing\\Router->dispatch(Object(Illuminate\\Http\\Request))
#33 /mnt/B6F0DB99F0DB5E65/project/bdagri/vendor/laravel/framework/src/Illuminate/Routing/Pipeline.php(30): Illuminate\\Foundation\\Http\\Kernel->Illuminate\\Foundation\\Http\\{closure}(Object(Illuminate\\Http\\Request))
#34 /mnt/B6F0DB99F0DB5E65/project/bdagri/vendor/laravel/framework/src/Illuminate/Pipeline/Pipeline.php(102): Illuminate\\Routing\\Pipeline->Illuminate\\Routing\\{closure}(Object(Illuminate\\Http\\Request))
#35 /mnt/B6F0DB99F0DB5E65/project/bdagri/vendor/laravel/framework/src/Illuminate/Foundation/Http/Kernel.php(151): Illuminate\\Pipeline\\Pipeline->then(Object(Closure))
#36 /mnt/B6F0DB99F0DB5E65/project/bdagri/vendor/laravel/framework/src/Illuminate/Foundation/Http/Kernel.php(116): Illuminate\\Foundation\\Http\\Kernel->sendRequestThroughRouter(Object(Illuminate\\Http\\Request))
#37 /mnt/B6F0DB99F0DB5E65/project/bdagri/public/index.php(52): Illuminate\\Foundation\\Http\\Kernel->handle(Object(Illuminate\\Http\\Request))
#38 /home/qbytesoft/.config/composer/vendor/cpriego/valet-linux/server.php(204): require('/mnt/B6F0DB99F0...')
#39 {main}
"} 
